2024/08/08 10:26:38 sql_quick.go:318 sql_quick.go:192 Sql :PRAGMA table_info(tbl_user) 
2024/08/08 10:26:38 sql_quick.go:318 sql_quick.go:192 Sql :select * from tbl_ssh   
2024/08/08 10:26:38 sql_quick.go:318 sql_quick.go:192 Sql :select * from tbl_git   
2024/08/08 10:26:38 sql_quick.go:318 sql_quick.go:192 Sql :select * from tbl_git_group   
2024/08/08 10:26:38 sql_quick.go:318 sql_quick.go:192 Sql :select * from tbl_ssh   
2024/08/08 10:26:38 sql_quick.go:318 sql_quick.go:192 Sql :select * from tbl_git   
2024/08/08 10:26:38 sql_quick.go:318 sql_quick.go:192 Sql :select * from tbl_git_group   
2024/08/08 10:26:38 sql_quick.go:318 sql_quick.go:192 Sql :select * from tbl_ssh   
2024/08/08 10:26:38 sql_quick.go:318 sql_quick.go:192 Sql :select * from tbl_supervisor   
2024/08/08 10:26:38 sql_quick.go:318 sql_quick.go:192 Sql :select * from tbl_ssh   
2024/08/08 10:26:38 sql_quick.go:318 sql_quick.go:192 Sql :select * from tbl_ssh   
2024/08/08 10:26:38 sql_quick.go:318 sql_quick.go:192 Sql :select * from tbl_ssh   
2024/08/08 10:26:38 sql_quick.go:318 sql_quick.go:192 Sql :select * from tbl_redis   
2024/08/08 10:27:26 sql_quick.go:318 sql_quick.go:192 Sql :PRAGMA table_info(tbl_user) 
2024/08/08 10:27:26 sql_quick.go:318 sql_quick.go:192 Sql :select * from tbl_user  where username = 'default' and password = '0bfe173a81ea28eca2481e510aaac16d'  limit 1 
2024/08/08 10:27:27 sql_quick.go:318 sql_quick.go:192 Sql :select * from tbl_ssh   
2024/08/08 10:27:27 sql_quick.go:318 sql_quick.go:192 Sql :select * from tbl_git   
2024/08/08 10:27:27 sql_quick.go:318 sql_quick.go:192 Sql :select * from tbl_git_group   
2024/08/08 10:27:27 sql_quick.go:318 sql_quick.go:192 Sql :select * from tbl_git_group   
2024/08/08 10:27:27 sql_quick.go:318 sql_quick.go:192 Sql :select * from tbl_ssh   
2024/08/08 10:27:27 sql_quick.go:318 sql_quick.go:192 Sql :select * from tbl_ssh   
2024/08/08 10:27:27 sql_quick.go:318 sql_quick.go:192 Sql :select * from tbl_git   
2024/08/08 10:27:27 sql_quick.go:318 sql_quick.go:192 Sql :select * from tbl_git_group   
2024/08/08 10:27:27 sql_quick.go:318 sql_quick.go:192 Sql :select * from tbl_ssh   
2024/08/08 10:27:27 sql_quick.go:318 sql_quick.go:192 Sql :select * from tbl_ssh   
2024/08/08 10:27:27 sql_quick.go:318 sql_quick.go:192 Sql :select * from tbl_git_group   
2024/08/08 10:27:27 sql_quick.go:318 sql_quick.go:192 Sql :select * from tbl_supervisor   
2024/08/08 10:27:27 sql_quick.go:318 sql_quick.go:192 Sql :select * from tbl_ssh   
2024/08/08 10:27:27 sql_quick.go:318 sql_quick.go:192 Sql :select * from tbl_ssh   
2024/08/08 10:27:27 sql_quick.go:318 sql_quick.go:192 Sql :select * from tbl_ssh   
2024/08/08 10:27:27 sql_quick.go:318 sql_quick.go:192 Sql :select * from tbl_ssh   
2024/08/08 10:27:27 sql_quick.go:318 sql_quick.go:192 Sql :select * from tbl_redis   
2024/08/08 10:27:27 sql_quick.go:318 sql_quick.go:192 Sql :select * from tbl_ssh   
2024/08/08 10:27:30 sql_quick.go:318 sql_quick.go:192 Sql :select * from tbl_ssh   
2024/08/08 10:27:30 sql_quick.go:318 sql_quick.go:192 Sql :select * from tbl_git   
2024/08/08 10:27:30 sql_quick.go:318 sql_quick.go:192 Sql :select * from tbl_git_group   
2024/08/08 10:27:30 sql_quick.go:318 sql_quick.go:192 Sql :select * from tbl_ssh   
2024/08/08 10:27:30 sql_quick.go:318 sql_quick.go:192 Sql :select * from tbl_git_group   
2024/08/08 10:27:30 sql_quick.go:318 sql_quick.go:192 Sql :select * from tbl_ssh   
2024/08/08 10:27:30 sql_quick.go:318 sql_quick.go:192 Sql :select * from tbl_git   
2024/08/08 10:27:30 sql_quick.go:318 sql_quick.go:192 Sql :select * from tbl_git_group   
2024/08/08 10:27:30 sql_quick.go:318 sql_quick.go:192 Sql :select * from tbl_ssh   
2024/08/08 10:27:30 sql_quick.go:318 sql_quick.go:192 Sql :select * from tbl_git_group   
2024/08/08 10:27:30 sql_quick.go:318 sql_quick.go:192 Sql :select * from tbl_ssh   
2024/08/08 10:27:30 sql_quick.go:318 sql_quick.go:192 Sql :select * from tbl_supervisor   
2024/08/08 10:27:30 sql_quick.go:318 sql_quick.go:192 Sql :select * from tbl_ssh   
2024/08/08 10:27:30 sql_quick.go:318 sql_quick.go:192 Sql :select * from tbl_ssh   
2024/08/08 10:27:30 sql_quick.go:318 sql_quick.go:192 Sql :select * from tbl_ssh   
2024/08/08 10:27:30 sql_quick.go:318 sql_quick.go:192 Sql :select * from tbl_redis   
2024/08/08 10:27:30 sql_quick.go:318 sql_quick.go:192 Sql :select * from tbl_ssh   
2024/08/08 10:27:30 sql_quick.go:318 sql_quick.go:192 Sql :select * from tbl_ssh   
2024/08/08 10:27:30 sql_quick.go:318 sql_quick.go:192 Sql :select * from tbl_user  where username = 'default' and password = '0bfe173a81ea28eca2481e510aaac16d'  limit 1 
2024/08/08 10:27:35 sql_quick.go:318 sql_quick.go:192 Sql :select * from tbl_ssh   
2024/08/08 10:27:35 sql_quick.go:318 sql_quick.go:192 Sql :select * from tbl_git   
2024/08/08 10:27:35 sql_quick.go:318 sql_quick.go:192 Sql :select * from tbl_git_group   
2024/08/08 10:27:35 sql_quick.go:318 sql_quick.go:192 Sql :select * from tbl_git_group   
2024/08/08 10:27:35 sql_quick.go:318 sql_quick.go:192 Sql :select * from tbl_ssh   
2024/08/08 10:27:35 sql_quick.go:318 sql_quick.go:192 Sql :select * from tbl_ssh   
2024/08/08 10:27:35 sql_quick.go:318 sql_quick.go:192 Sql :select * from tbl_git   
2024/08/08 10:27:35 sql_quick.go:318 sql_quick.go:192 Sql :select * from tbl_git_group   
2024/08/08 10:27:35 sql_quick.go:318 sql_quick.go:192 Sql :select * from tbl_ssh   
2024/08/08 10:27:35 sql_quick.go:318 sql_quick.go:192 Sql :select * from tbl_git_group   
2024/08/08 10:27:35 sql_quick.go:318 sql_quick.go:192 Sql :select * from tbl_ssh   
2024/08/08 10:27:35 sql_quick.go:318 sql_quick.go:192 Sql :select * from tbl_supervisor   
2024/08/08 10:27:35 sql_quick.go:318 sql_quick.go:192 Sql :select * from tbl_ssh   
2024/08/08 10:27:35 sql_quick.go:318 sql_quick.go:192 Sql :select * from tbl_ssh   
2024/08/08 10:27:35 sql_quick.go:318 sql_quick.go:192 Sql :select * from tbl_ssh   
2024/08/08 10:27:35 sql_quick.go:318 sql_quick.go:192 Sql :select * from tbl_ssh   
2024/08/08 10:27:35 sql_quick.go:318 sql_quick.go:192 Sql :select * from tbl_redis   
2024/08/08 10:27:35 sql_quick.go:318 sql_quick.go:192 Sql :select * from tbl_ssh   
2024/08/08 10:27:35 sql_quick.go:318 sql_quick.go:192 Sql :select * from tbl_user  where username = 'default' and password = '0bfe173a81ea28eca2481e510aaac16d'  limit 1 
2024/08/08 10:27:38 sql_quick.go:318 sql_quick.go:192 Sql :select * from tbl_git_group   
2024/08/08 10:27:39 sql_quick.go:318 sql_quick.go:192 Sql :select * from tbl_git   
2024/08/08 10:27:39 sql_quick.go:318 sql_quick.go:192 Sql :select * from tbl_git_group   
2024/08/08 10:27:39 sql_quick.go:318 sql_quick.go:192 Sql :select * from tbl_ssh   
2024/08/08 10:27:39 sql_quick.go:318 sql_quick.go:192 Sql :select * from tbl_git_group   
2024/08/08 10:27:39 sql_quick.go:318 sql_quick.go:192 Sql :select * from tbl_ssh   
2024/08/08 10:27:41 sql_quick.go:318 sql_quick.go:192 Sql :select * from tbl_git_group   
2024/08/08 10:27:41 sql_quick.go:318 sql_quick.go:192 Sql :select * from tbl_git   
2024/08/08 10:27:43 sql_quick.go:318 sql_quick.go:192 Sql :PRAGMA table_info(tbl_ssh) 
2024/08/08 10:27:43 sql_quick.go:318 sql_quick.go:192 Sql :select * from tbl_ssh  where id = 1  limit 1 
2024/08/08 10:27:43 sql_quick.go:318 sql_quick.go:192 Sql :select * from tbl_ssh  where id = 1  limit 1 
2024/08/08 10:27:48 sql_quick.go:318 sql_quick.go:192 Sql :select * from tbl_supervisor   
2024/08/08 10:27:48 sql_quick.go:318 sql_quick.go:192 Sql :select * from tbl_ssh  where id = 1  limit 1 
2024/08/08 10:27:48 sql_quick.go:318 sql_quick.go:192 Sql :select * from tbl_ssh  where id = 1  limit 1 
2024/08/08 10:27:50 sql_quick.go:318 sql_quick.go:192 Sql :select * from tbl_ssh  where id = 1  limit 1 
2024/08/08 10:27:54 sql_quick.go:318 sql_quick.go:192 Sql :select * from tbl_redis   
2024/08/08 10:27:54 sql_quick.go:318 sql_quick.go:192 Sql :select * from tbl_ssh  where id = 1  limit 1 
2024/08/08 11:19:21 sql_quick.go:318 sql_quick.go:192 Sql :select * from tbl_git_group   
2024/08/08 11:20:40 sql_quick.go:318 sql_quick.go:192 Sql :select * from tbl_user  where username = 'default' and password = '0bfe173a81ea28eca2481e510aaac16d'  limit 1 
2024/08/08 11:20:40 sql_quick.go:318 sql_quick.go:192 Sql :select * from tbl_git_group   
2024/08/08 11:20:40 sql_quick.go:318 sql_quick.go:192 Sql :select * from tbl_git   
2024/08/08 11:20:40 sql_quick.go:318 sql_quick.go:192 Sql :select * from tbl_ssh  where id = 1  limit 1 
2024/08/08 11:20:40 sql_quick.go:318 sql_quick.go:192 Sql :select * from tbl_ssh  where id = 1  limit 1 
2024/08/08 11:20:40 sql_quick.go:318 sql_quick.go:192 Sql :select * from tbl_ssh   
2024/08/08 11:20:40 sql_quick.go:318 sql_quick.go:192 Sql :select * from tbl_ssh  where id = 1  limit 1 
2024/08/08 11:20:40 sql_quick.go:318 sql_quick.go:192 Sql :select * from tbl_ssh  where id = 6  limit 1 
2024/08/08 11:20:41 sql_quick.go:318 sql_quick.go:192 Sql :select * from tbl_ssh   
2024/08/08 11:20:41 sql_quick.go:318 sql_quick.go:192 Sql :select * from tbl_ssh   
2024/08/08 11:20:41 sql_quick.go:318 sql_quick.go:192 Sql :select * from tbl_ssh   
2024/08/08 11:20:41 sql_quick.go:318 sql_quick.go:192 Sql :select * from tbl_git   
2024/08/08 11:20:41 sql_quick.go:318 sql_quick.go:192 Sql :select * from tbl_git_group   
2024/08/08 11:20:41 sql_quick.go:318 sql_quick.go:192 Sql :select * from tbl_ssh   
2024/08/08 11:20:41 sql_quick.go:318 sql_quick.go:192 Sql :select * from tbl_ssh   
2024/08/08 11:20:41 sql_quick.go:318 sql_quick.go:192 Sql :select * from tbl_ssh   
2024/08/08 11:20:41 sql_quick.go:318 sql_quick.go:192 Sql :select * from tbl_ssh   
2024/08/08 11:20:41 sql_quick.go:318 sql_quick.go:192 Sql :select * from tbl_git_group   
2024/08/08 11:20:41 sql_quick.go:318 sql_quick.go:192 Sql :select * from tbl_git   
2024/08/08 11:20:41 sql_quick.go:318 sql_quick.go:192 Sql :select * from tbl_git_group   
2024/08/08 11:20:41 sql_quick.go:318 sql_quick.go:192 Sql :select * from tbl_ssh   
2024/08/08 11:20:41 sql_quick.go:318 sql_quick.go:192 Sql :select * from tbl_git_group   
2024/08/08 11:20:41 sql_quick.go:318 sql_quick.go:192 Sql :select * from tbl_supervisor   
2024/08/08 11:20:41 sql_quick.go:318 sql_quick.go:192 Sql :select * from tbl_ssh   
2024/08/08 11:20:41 sql_quick.go:318 sql_quick.go:192 Sql :select * from tbl_redis   
2024/08/08 11:20:41 sql_quick.go:318 sql_quick.go:192 Sql :select * from tbl_ssh   
2024/08/08 11:20:46 sql_quick.go:318 sql_quick.go:192 Sql :select * from tbl_redis   
2024/08/08 11:20:47 sql_quick.go:318 sql_quick.go:192 Sql :PRAGMA table_info(tbl_star) 
2024/08/08 11:20:47 sql_quick.go:318 sql_quick.go:192 Sql :select * from tbl_star  where type = 'redis'  
2024/08/08 11:21:32 sql_quick.go:318 sql_quick.go:192 Sql :select * from tbl_user  where username = 'default' and password = '0bfe173a81ea28eca2481e510aaac16d'  limit 1 
2024/08/08 11:21:32 sql_quick.go:318 sql_quick.go:192 Sql :select * from tbl_ssh   
2024/08/08 11:21:32 sql_quick.go:318 sql_quick.go:192 Sql :select * from tbl_ssh  where id = 1  limit 1 
2024/08/08 11:21:32 sql_quick.go:318 sql_quick.go:192 Sql :select * from tbl_ssh  where id = 6  limit 1 
2024/08/08 11:21:34 sql_quick.go:318 sql_quick.go:192 Sql :select * from tbl_redis   
2024/08/08 11:21:35 sql_quick.go:318 sql_quick.go:192 Sql :select * from tbl_star  where type = 'redis'  
2024/08/08 11:21:41 sql_quick.go:318 sql_quick.go:192 Sql :PRAGMA table_info(tbl_redis) 
2024/08/08 11:21:41 sql_quick.go:318 sql_quick.go:192 Sql :select * from tbl_redis  where id = 7  limit 1 
2024/08/08 11:21:41 sql_quick.go:318 sql_quick.go:192 Sql :select * from tbl_redis  where id = 7  limit 1 
2024/08/08 11:21:55 sql_quick.go:318 sql_quick.go:192 Sql :select * from tbl_redis  where id = 7  limit 1 
2024/08/08 11:21:59 sql_quick.go:318 sql_quick.go:192 Sql :select * from tbl_git_group   
2024/08/08 11:21:59 sql_quick.go:318 sql_quick.go:192 Sql :select * from tbl_git   
2024/08/08 11:21:59 sql_quick.go:318 sql_quick.go:192 Sql :select * from tbl_ssh  where id = 1  limit 1 
2024/08/08 11:21:59 sql_quick.go:318 sql_quick.go:192 Sql :select * from tbl_ssh  where id = 1  limit 1 
2024/08/08 11:22:03 sql_quick.go:318 sql_quick.go:192 Sql :select * from tbl_ssh   
2024/08/08 11:22:03 sql_quick.go:318 sql_quick.go:192 Sql :select * from tbl_ssh   
2024/08/08 11:22:03 sql_quick.go:318 sql_quick.go:192 Sql :select * from tbl_ssh   
2024/08/08 11:22:03 sql_quick.go:318 sql_quick.go:192 Sql :select * from tbl_git   
2024/08/08 11:22:03 sql_quick.go:318 sql_quick.go:192 Sql :select * from tbl_ssh   
2024/08/08 11:22:03 sql_quick.go:318 sql_quick.go:192 Sql :select * from tbl_git_group   
2024/08/08 11:22:03 sql_quick.go:318 sql_quick.go:192 Sql :select * from tbl_git_group   
2024/08/08 11:22:03 sql_quick.go:318 sql_quick.go:192 Sql :select * from tbl_ssh   
2024/08/08 11:22:03 sql_quick.go:318 sql_quick.go:192 Sql :select * from tbl_ssh   
2024/08/08 11:22:03 sql_quick.go:318 sql_quick.go:192 Sql :select * from tbl_ssh   
2024/08/08 11:22:03 sql_quick.go:318 sql_quick.go:192 Sql :select * from tbl_git_group   
2024/08/08 11:22:03 sql_quick.go:318 sql_quick.go:192 Sql :select * from tbl_git   
2024/08/08 11:22:03 sql_quick.go:318 sql_quick.go:192 Sql :select * from tbl_supervisor   
2024/08/08 11:22:03 sql_quick.go:318 sql_quick.go:192 Sql :select * from tbl_redis   
2024/08/08 11:22:03 sql_quick.go:318 sql_quick.go:192 Sql :select * from tbl_git_group   
2024/08/08 11:22:03 sql_quick.go:318 sql_quick.go:192 Sql :select * from tbl_ssh   
2024/08/08 11:22:03 sql_quick.go:318 sql_quick.go:192 Sql :select * from tbl_ssh   
2024/08/08 11:22:03 sql_quick.go:318 sql_quick.go:192 Sql :select * from tbl_ssh   
2024/08/08 11:22:05 sql_quick.go:318 sql_quick.go:192 Sql :select * from tbl_git_group   
2024/08/08 11:22:06 sql_quick.go:318 sql_quick.go:192 Sql :select * from tbl_git   
2024/08/08 11:22:06 sql_quick.go:318 sql_quick.go:192 Sql :select * from tbl_git_group   
2024/08/08 11:22:06 sql_quick.go:318 sql_quick.go:192 Sql :select * from tbl_ssh   
2024/08/08 11:22:06 sql_quick.go:318 sql_quick.go:192 Sql :select * from tbl_git_group   
2024/08/08 11:22:06 sql_quick.go:318 sql_quick.go:192 Sql :select * from tbl_ssh   
2024/08/08 11:25:09 sql_quick.go:318 sql_quick.go:192 Sql :select * from tbl_git_group   
2024/08/08 11:25:09 sql_quick.go:318 sql_quick.go:192 Sql :select * from tbl_git   
2024/08/08 11:25:09 sql_quick.go:318 sql_quick.go:192 Sql :select * from tbl_user  where username = 'default' and password = '0bfe173a81ea28eca2481e510aaac16d'  limit 1 
2024/08/08 11:25:09 sql_quick.go:318 sql_quick.go:192 Sql :select * from tbl_ssh  where id = 1  limit 1 
2024/08/08 11:25:09 sql_quick.go:318 sql_quick.go:192 Sql :select * from tbl_ssh   
2024/08/08 11:25:26 sql_quick.go:318 sql_quick.go:192 Sql :select * from tbl_git_group   
2024/08/08 11:25:26 sql_quick.go:318 sql_quick.go:192 Sql :select * from tbl_git   
2024/08/08 11:25:26 sql_quick.go:318 sql_quick.go:192 Sql :select * from tbl_user  where username = 'default' and password = '0bfe173a81ea28eca2481e510aaac16d'  limit 1 
2024/08/08 11:25:26 sql_quick.go:318 sql_quick.go:192 Sql :select * from tbl_ssh  where id = 1  limit 1 
2024/08/08 11:25:26 sql_quick.go:318 sql_quick.go:192 Sql :select * from tbl_ssh  where id = 1  limit 1 
2024/08/08 11:25:26 sql_quick.go:318 sql_quick.go:192 Sql :select * from tbl_ssh   
2024/08/08 11:25:26 sql_quick.go:318 sql_quick.go:192 Sql :select * from tbl_ssh  where id = 1  limit 1 
2024/08/08 11:25:27 sql_quick.go:318 sql_quick.go:192 Sql :select * from tbl_ssh  where id = 6  limit 1 
2024/08/08 11:26:07 sql_quick.go:318 sql_quick.go:192 Sql :select * from tbl_git_group   
2024/08/08 11:26:07 sql_quick.go:318 sql_quick.go:192 Sql :select * from tbl_git   
2024/08/08 11:26:07 sql_quick.go:318 sql_quick.go:192 Sql :select * from tbl_user  where username = 'default' and password = '0bfe173a81ea28eca2481e510aaac16d'  limit 1 
2024/08/08 11:26:07 sql_quick.go:318 sql_quick.go:192 Sql :select * from tbl_ssh  where id = 1  limit 1 
2024/08/08 11:26:07 sql_quick.go:318 sql_quick.go:192 Sql :select * from tbl_git_group   
2024/08/08 11:26:07 sql_quick.go:318 sql_quick.go:192 Sql :select * from tbl_git   
2024/08/08 11:26:07 sql_quick.go:318 sql_quick.go:192 Sql :select * from tbl_user  where username = 'default' and password = '0bfe173a81ea28eca2481e510aaac16d'  limit 1 
2024/08/08 11:26:07 sql_quick.go:318 sql_quick.go:192 Sql :select * from tbl_ssh   
2024/08/08 11:26:07 sql_quick.go:318 sql_quick.go:192 Sql :select * from tbl_ssh  where id = 1  limit 1 
2024/08/08 11:26:07 sql_quick.go:318 sql_quick.go:192 Sql :select * from tbl_ssh   
2024/08/08 11:26:23 sql_quick.go:318 sql_quick.go:192 Sql :select * from tbl_git_group   
2024/08/08 11:26:23 sql_quick.go:318 sql_quick.go:192 Sql :select * from tbl_git   
2024/08/08 11:26:23 sql_quick.go:318 sql_quick.go:192 Sql :select * from tbl_user  where username = 'default' and password = '0bfe173a81ea28eca2481e510aaac16d'  limit 1 
2024/08/08 11:26:23 sql_quick.go:318 sql_quick.go:192 Sql :select * from tbl_ssh  where id = 1  limit 1 
2024/08/08 11:26:23 sql_quick.go:318 sql_quick.go:192 Sql :select * from tbl_ssh   
2024/08/08 11:28:47 sql_quick.go:318 sql_quick.go:192 Sql :select * from tbl_git_group   
2024/08/08 11:28:47 sql_quick.go:318 sql_quick.go:192 Sql :select * from tbl_git   
2024/08/08 11:28:47 sql_quick.go:318 sql_quick.go:192 Sql :select * from tbl_user  where username = 'default' and password = '0bfe173a81ea28eca2481e510aaac16d'  limit 1 
2024/08/08 11:28:48 sql_quick.go:318 sql_quick.go:192 Sql :select * from tbl_ssh  where id = 1  limit 1 
2024/08/08 11:28:48 sql_quick.go:318 sql_quick.go:192 Sql :select * from tbl_ssh  where id = 1  limit 1 
2024/08/08 11:28:48 sql_quick.go:318 sql_quick.go:192 Sql :select * from tbl_ssh   
2024/08/08 11:28:48 sql_quick.go:318 sql_quick.go:192 Sql :select * from tbl_ssh  where id = 1  limit 1 
2024/08/08 11:28:48 sql_quick.go:318 sql_quick.go:192 Sql :select * from tbl_ssh  where id = 6  limit 1 
2024/08/08 11:28:51 sql_quick.go:318 sql_quick.go:192 Sql :select * from tbl_git_group   
2024/08/08 11:28:51 sql_quick.go:318 sql_quick.go:192 Sql :select * from tbl_git   
2024/08/08 11:28:51 sql_quick.go:318 sql_quick.go:192 Sql :select * from tbl_user  where username = 'default' and password = '0bfe173a81ea28eca2481e510aaac16d'  limit 1 
2024/08/08 11:28:51 sql_quick.go:318 sql_quick.go:192 Sql :select * from tbl_ssh  where id = 1  limit 1 
2024/08/08 11:28:51 sql_quick.go:318 sql_quick.go:192 Sql :select * from tbl_ssh  where id = 1  limit 1 
2024/08/08 11:28:51 ssh.go:95 t_terminal.go:324 2024-08-08 11:28:51 socket 推送错误 websocket: close sent
2024/08/08 11:28:51 ssh.go:95 t_terminal.go:324 2024-08-08 11:28:51 socket 推送错误 websocket: close sent
2024/08/08 11:28:51 sql_quick.go:318 sql_quick.go:192 Sql :select * from tbl_git_group   
2024/08/08 11:28:51 sql_quick.go:318 sql_quick.go:192 Sql :select * from tbl_git   
2024/08/08 11:28:51 sql_quick.go:318 sql_quick.go:192 Sql :select * from tbl_user  where username = 'default' and password = '0bfe173a81ea28eca2481e510aaac16d'  limit 1 
2024/08/08 11:28:51 sql_quick.go:318 sql_quick.go:192 Sql :select * from tbl_ssh  where id = 1  limit 1 
2024/08/08 11:28:51 sql_quick.go:318 sql_quick.go:192 Sql :select * from tbl_ssh  where id = 1  limit 1 
2024/08/08 11:28:51 sql_quick.go:318 sql_quick.go:192 Sql :select * from tbl_ssh   
2024/08/08 11:28:51 sql_quick.go:318 sql_quick.go:192 Sql :select * from tbl_ssh  where id = 1  limit 1 
2024/08/08 11:28:51 sql_quick.go:318 sql_quick.go:192 Sql :select * from tbl_ssh  where id = 6  limit 1 
2024/08/08 11:28:53 sql_quick.go:318 sql_quick.go:192 Sql :select * from tbl_git_group   
2024/08/08 11:28:53 sql_quick.go:318 sql_quick.go:192 Sql :select * from tbl_git   
2024/08/08 11:28:53 sql_quick.go:318 sql_quick.go:192 Sql :select * from tbl_user  where username = 'default' and password = '0bfe173a81ea28eca2481e510aaac16d'  limit 1 
2024/08/08 11:28:53 sql_quick.go:318 sql_quick.go:192 Sql :select * from tbl_ssh  where id = 1  limit 1 
2024/08/08 11:28:53 sql_quick.go:318 sql_quick.go:192 Sql :select * from tbl_ssh  where id = 1  limit 1 
2024/08/08 11:28:53 sql_quick.go:318 sql_quick.go:192 Sql :select * from tbl_ssh   
2024/08/08 11:28:53 sql_quick.go:318 sql_quick.go:192 Sql :select * from tbl_ssh  where id = 1  limit 1 
2024/08/08 11:28:53 sql_quick.go:318 sql_quick.go:192 Sql :select * from tbl_ssh  where id = 6  limit 1 
2024/08/08 11:29:43 sql_quick.go:318 sql_quick.go:192 Sql :select * from tbl_git_group   
2024/08/08 11:29:43 sql_quick.go:318 sql_quick.go:192 Sql :select * from tbl_git   
2024/08/08 11:29:43 sql_quick.go:318 sql_quick.go:192 Sql :select * from tbl_user  where username = 'default' and password = '0bfe173a81ea28eca2481e510aaac16d'  limit 1 
2024/08/08 11:29:43 sql_quick.go:318 sql_quick.go:192 Sql :select * from tbl_ssh  where id = 1  limit 1 
2024/08/08 11:29:43 sql_quick.go:318 sql_quick.go:192 Sql :select * from tbl_ssh   
2024/08/08 11:29:47 sql_quick.go:318 sql_quick.go:192 Sql :select * from tbl_git_group   
2024/08/08 11:29:47 sql_quick.go:318 sql_quick.go:192 Sql :select * from tbl_git   
2024/08/08 11:29:47 sql_quick.go:318 sql_quick.go:192 Sql :select * from tbl_user  where username = 'default' and password = '0bfe173a81ea28eca2481e510aaac16d'  limit 1 
2024/08/08 11:29:47 sql_quick.go:318 sql_quick.go:192 Sql :select * from tbl_ssh  where id = 1  limit 1 
2024/08/08 11:29:47 sql_quick.go:318 sql_quick.go:192 Sql :select * from tbl_ssh   
2024/08/08 11:29:52 sql_quick.go:318 sql_quick.go:192 Sql :select * from tbl_git_group   
2024/08/08 11:29:52 sql_quick.go:318 sql_quick.go:192 Sql :select * from tbl_git   
2024/08/08 11:29:52 sql_quick.go:318 sql_quick.go:192 Sql :select * from tbl_ssh  where id = 1  limit 1 
